#
# A fatal error has been detected by the Java Runtime Environment:
#
#  EXCEPTION_ACCESS_VIOLATION (0xc0000005) at pc=0x6dfc2343, pid=2560, tid=8748
#
# JRE version:  (7.0_67-b01) (build )
# Java VM: Java HotSpot(TM) Client VM (24.65-b04 mixed mode windows-x86 )
# Problematic frame:
# V  [jvm.dll+0x12343]
#
# Failed to write core dump. Minidumps are not enabled by default on client versions of Windows
#
# If you would like to submit a bug report, please visit:
#   http://bugreport.sun.com/bugreport/crash.jsp
#

---------------  T H R E A D  ---------------

Current thread (0x001ed000):  JavaThread "main" [_thread_in_vm, id=8748, stack(0x02340000,0x02390000)]

siginfo: ExceptionCode=0xc0000005, reading address 0x00002c37

Registers:
EAX=0x00002c2b, EBX=0x000000b9, ECX=0x0042001c, EDX=0x00000000
ESP=0x0238f49c, EBP=0x0238f4a0, ESI=0x144af0a0, EDI=0x022467e0
EIP=0x6dfc2343, EFLAGS=0x00010206

Top of Stack: (sp=0x0238f49c)
0x0238f49c:   00000000 0238f4bc 6e068c8f 144af5c8
0x0238f4ac:   00000003 6e065288 144802ac 001ed000
0x0238f4bc:   0238f5d0 6e01e75f 144af5c8 001ed000
0x0238f4cc:   144802ac 000000b9 0238f5e4 023a0a14
0x0238f4dc:   02392908 00000000 0238f60c 0238f5e4
0x0238f4ec:   0238f5e4 023a0a14 02392908 00000000
0x0238f4fc:   0238f60c 0238f5e4 0238f614 023a0724
0x0238f50c:   02392908 00000000 0238f63c 0238f614 

Instructions: (pc=0x6dfc2343)
0x6dfc2323:   51 8b 49 08 0f b7 41 24 8b 49 14 8b 54 81 28 89
0x6dfc2333:   55 fc 8b 55 fc 85 d2 75 32 85 c0 74 2e 8b 51 08
0x6dfc2343:   8a 54 02 0c 80 fa 64 74 14 80 fa 68 74 0f 80 fa
0x6dfc2353:   07 74 0a 80 fa 66 74 05 80 fa 08 75 0e 8b 54 81 


Register to memory mapping:

EAX=0x00002c2b is an unknown value
EBX=0x000000b9 is an unknown value
ECX=0x0042001c is an unknown value
EDX=0x00000000 is an unknown value
ESP=0x0238f49c is pointing into the stack for thread: 0x001ed000
EBP=0x0238f4a0 is pointing into the stack for thread: 0x001ed000
ESI=0x144af0a0 is an oop
{method} 
 - klass: {other class}
EDI=0x022467e0 is an unknown value


Stack: [0x02340000,0x02390000],  sp=0x0238f49c,  free space=317k
Native frames: (J=compiled Java code, j=interpreted, Vv=VM code, C=native code)
V  [jvm.dll+0x12343]
V  [jvm.dll+0xb8c8f]
V  [jvm.dll+0x6e75f]
j  sun.reflect.ReflectionFactory.copyConstructor(Ljava/lang/reflect/Constructor;)Ljava/lang/reflect/Constructor;+4
j  java.lang.Class.getConstructor0([Ljava/lang/Class;I)Ljava/lang/reflect/Constructor;+56
j  java.lang.Class.newInstance()Ljava/lang/Object;+47
j  sun.nio.cs.FastCharsetProvider.lookup(Ljava/lang/String;)Ljava/nio/charset/Charset;+125
j  sun.nio.cs.FastCharsetProvider.charsetForName(Ljava/lang/String;)Ljava/nio/charset/Charset;+10
j  java.nio.charset.Charset.lookup2(Ljava/lang/String;)Ljava/nio/charset/Charset;+39
j  java.nio.charset.Charset.lookup(Ljava/lang/String;)Ljava/nio/charset/Charset;+40
j  java.nio.charset.Charset.defaultCharset()Ljava/nio/charset/Charset;+29
j  sun.nio.cs.StreamEncoder.forOutputStreamWriter(Ljava/io/OutputStream;Ljava/lang/Object;Ljava/lang/String;)Lsun/nio/cs/StreamEncoder;+6
j  java.io.OutputStreamWriter.<init>(Ljava/io/OutputStream;)V+12
j  java.io.PrintStream.<init>(ZLjava/io/OutputStream;)V+26
j  java.io.PrintStream.<init>(Ljava/io/OutputStream;Z)V+11
j  java.lang.System.initializeSystemClass()V+97
v  ~StubRoutines::call_stub
V  [jvm.dll+0x1410fa]
V  [jvm.dll+0x20567e]
V  [jvm.dll+0x1417ca]
V  [jvm.dll+0x15d8ba]
V  [jvm.dll+0x162b6b]
V  [jvm.dll+0xc9d6f]
C  [java.exe+0x13c1]
C  [java.exe+0x1e33]
C  [java.exe+0xa601]
C  [java.exe+0xa68b]
C  [kernel32.dll+0x133aa]
C  [ntdll.dll+0x39f72]
C  [ntdll.dll+0x39f45]

Java frames: (J=compiled Java code, j=interpreted, Vv=VM code)
j  sun.reflect.ReflectionFactory.copyConstructor(Ljava/lang/reflect/Constructor;)Ljava/lang/reflect/Constructor;+4
j  java.lang.Class.getConstructor0([Ljava/lang/Class;I)Ljava/lang/reflect/Constructor;+56
j  java.lang.Class.newInstance()Ljava/lang/Object;+47
j  sun.nio.cs.FastCharsetProvider.lookup(Ljava/lang/String;)Ljava/nio/charset/Charset;+125
j  sun.nio.cs.FastCharsetProvider.charsetForName(Ljava/lang/String;)Ljava/nio/charset/Charset;+10
j  java.nio.charset.Charset.lookup2(Ljava/lang/String;)Ljava/nio/charset/Charset;+39
j  java.nio.charset.Charset.lookup(Ljava/lang/String;)Ljava/nio/charset/Charset;+40
j  java.nio.charset.Charset.defaultCharset()Ljava/nio/charset/Charset;+29
j  sun.nio.cs.StreamEncoder.forOutputStreamWriter(Ljava/io/OutputStream;Ljava/lang/Object;Ljava/lang/String;)Lsun/nio/cs/StreamEncoder;+6
j  java.io.OutputStreamWriter.<init>(Ljava/io/OutputStream;)V+12
j  java.io.PrintStream.<init>(ZLjava/io/OutputStream;)V+26
j  java.io.PrintStream.<init>(Ljava/io/OutputStream;Z)V+11
j  java.lang.System.initializeSystemClass()V+97
v  ~StubRoutines::call_stub

---------------  P R O C E S S  ---------------

Java Threads: ( => current thread )
  0x022d6c00 JavaThread "Finalizer" daemon [_thread_blocked, id=7984, stack(0x18a90000,0x18ae0000)]
  0x022d1c00 JavaThread "Reference Handler" daemon [_thread_blocked, id=8856, stack(0x189e0000,0x18a30000)]
=>0x001ed000 JavaThread "main" [_thread_in_vm, id=8748, stack(0x02340000,0x02390000)]

Other Threads:
  0x022cf800 VMThread [stack: 0x185d0000,0x18620000] [id=1604]

VM state:not at safepoint (normal execution)

VM Mutex/Monitor currently owned by a thread: None

Heap
 def new generation   total 4928K, used 269K [0x04400000, 0x04950000, 0x09950000)
  eden space 4416K,   6% used [0x04400000, 0x04443528, 0x04850000)
  from space 512K,   0% used [0x04850000, 0x04850000, 0x048d0000)
  to   space 512K,   0% used [0x048d0000, 0x048d0000, 0x04950000)
 tenured generation   total 10944K, used 0K [0x09950000, 0x0a400000, 0x14400000)
   the space 10944K,   0% used [0x09950000, 0x09950000, 0x09950200, 0x0a400000)
 compacting perm gen  total 12288K, used 904K [0x14400000, 0x15000000, 0x18400000)
   the space 12288K,   7% used [0x14400000, 0x144e21e8, 0x144e2200, 0x15000000)
No shared spaces configured.

Card table byte_map: [0x18400000,0x184b0000] byte_map_base: 0x183de000

Polling page: 0x001d0000

Code Cache  [0x02390000, 0x023d8000, 0x04390000)
 total_blobs=69 nmethods=0 adapters=48 free_code_cache=32490Kb largest_free_block=33270272

Compilation events (0 events):
No events

GC Heap History (0 events):
No events

Deoptimization events (0 events):
No events

Internal exceptions (1 events):
Event: 0.017 Thread 0x001ed000 Threw 0x0440b618 at C:\re\jdk7u67\1368\hotspot\src\share\vm\prims\jni.cpp:3991

Events (10 events):
Event: 0.021 loading class 0x02279e10
Event: 0.021 loading class 0x02279e10 done
Event: 0.021 loading class 0x02278120
Event: 0.021 loading class 0x02278120 done
Event: 0.021 loading class 0x022ce2e0
Event: 0.021 loading class 0x02277808
Event: 0.021 loading class 0x02277808 done
Event: 0.021 loading class 0x022ce2e0 done
Event: 0.021 loading class 0x0227b428
Event: 0.021 loading class 0x0227b428 done


Dynamic libraries:
0x00320000 - 0x0034f000 	c:\program files (x86)\smartgit\jre\bin\java.exe
0x76f50000 - 0x770d0000 	C:\Windows\SysWOW64\ntdll.dll
0x76120000 - 0x76230000 	C:\Windows\syswow64\kernel32.dll
0x76a60000 - 0x76aa7000 	C:\Windows\syswow64\KERNELBASE.dll
0x75f90000 - 0x76030000 	C:\Windows\syswow64\ADVAPI32.dll
0x74d70000 - 0x74e1c000 	C:\Windows\syswow64\msvcrt.dll
0x75f70000 - 0x75f89000 	C:\Windows\SysWOW64\sechost.dll
0x76520000 - 0x76610000 	C:\Windows\syswow64\RPCRT4.dll
0x748f0000 - 0x74950000 	C:\Windows\syswow64\SspiCli.dll
0x748e0000 - 0x748ec000 	C:\Windows\syswow64\CRYPTBASE.dll
0x74e20000 - 0x74f20000 	C:\Windows\syswow64\USER32.dll
0x75e80000 - 0x75f10000 	C:\Windows\syswow64\GDI32.dll
0x74f30000 - 0x74f3a000 	C:\Windows\syswow64\LPK.dll
0x76ab0000 - 0x76b4d000 	C:\Windows\syswow64\USP10.dll
0x71c20000 - 0x71dbe000 	C:\Windows\WinSxS\x86_microsoft.windows.common-controls_6595b64144ccf1df_6.0.7601.17514_none_41e6975e2bd6f2b2\COMCTL32.dll
0x75f10000 - 0x75f67000 	C:\Windows\syswow64\SHLWAPI.dll
0x76240000 - 0x762a0000 	C:\Windows\system32\IMM32.DLL
0x76990000 - 0x76a5c000 	C:\Windows\syswow64\MSCTF.dll
0x78360000 - 0x7841f000 	c:\program files (x86)\smartgit\jre\bin\msvcr100.dll
0x6dfb0000 - 0x6e338000 	c:\program files (x86)\smartgit\jre\bin\client\jvm.dll
0x6faf0000 - 0x6faf7000 	C:\Windows\system32\WSOCK32.dll
0x74b10000 - 0x74b45000 	C:\Windows\syswow64\WS2_32.dll
0x75ba0000 - 0x75ba6000 	C:\Windows\syswow64\NSI.dll
0x00280000 - 0x002b2000 	C:\Windows\system32\WINMM.dll
0x76980000 - 0x76985000 	C:\Windows\syswow64\PSAPI.DLL
0x6acf0000 - 0x6acfc000 	c:\program files (x86)\smartgit\jre\bin\verify.dll
0x6a780000 - 0x6a7a0000 	c:\program files (x86)\smartgit\jre\bin\java.dll
0x566b0000 - 0x566c3000 	c:\program files (x86)\smartgit\jre\bin\zip.dll
0x71510000 - 0x715fb000 	C:\Windows\system32\dbghelp.dll

VM Arguments:
jvm_args: -Djava.net.preferIPv4Stack=true -Dsmartgit.logging=true 
java_command: com.syntevo.smartgit.transport.askpass.SgAskPasswordMain Username for 'https://github.com': 
Launcher Type: SUN_STANDARD

Environment Variables:
PATH=C:\Program Files (x86)\Git/libexec/git-core;C:\Program Files (x86)\Git\bin;C:\Program Files (x86)\SmartGit\lib;C:\ProgramData\Oracle\Java\javapath;H:\app\Administrador\product\11.2.0\dbhome_1\bin;C:\Windows\system32;C:\Windows;C:\Windows\System32\Wbem;C:\Windows\System32\WindowsPowerShell\v1.0\;C:\Program Files (x86)\Microsoft SQL Server\80\Tools\Binn\;C:\Program Files (x86)\Microsoft SQL Server\90\DTS\Binn\;C:\Program Files (x86)\Microsoft SQL Server\90\Tools\binn\;C:\Program Files (x86)\Microsoft SQL Server\100\Tools\Binn\;C:\Program Files\Microsoft SQL Server\100\Tools\Binn\;C:\Program Files\Microsoft SQL Server\100\DTS\Binn\;C:\Program Files (x86)\Microsoft SQL Server\100\Tools\Binn\VSShell\Common7\IDE\;C:\Program Files (x86)\Microsoft SQL Server\100\DTS\Binn\;C:\Program Files (x86)\Microsoft Visual Studio 9.0\Common7\IDE\PrivateAssemblies\;C:\Program Files (x86)\Calibre2\;C:\Program Files\nodejs\;C:\Program Files (x86)\MySQL\MySQL Utilities\;C:\Program Files (x86)\MySQL\MySQL Utilities\Doctrine extensions for PHP\;C:\Program Files (x86)\NVIDIA Corporation\PhysX\Common;C:\wamp\bin\php\php5.5.12;C:\ProgramData\ComposerSetup\bin;C:/wamp/bin/apache/apache2.4.9;C:\Program Files\OpenVPN\bin;C:\Users\Administrador\AppData\Roaming\npm\node_modules\bower\bin;C:\xampp\php;C:\Program Files\Java\jdk1.8.0_45\bin;C:\Program Files (x86)\QuickTime\QTSystem\;C:\Program Files (x86)\Skype\Phone\;C:\Program Files (x86)\Git\cmd;C:\Users\Administrador\AppData\Roaming\npm;c:\program files (x86)\smartgit\jre\bin
USERNAME=Administrador
OS=Windows_NT
PROCESSOR_IDENTIFIER=Intel64 Family 6 Model 42 Stepping 7, GenuineIntel



---------------  S Y S T E M  ---------------

OS: Windows 7 , 64 bit Build 7601 Service Pack 1

CPU:total 8 (4 cores per cpu, 2 threads per core) family 6 model 42 stepping 7, cmov, cx8, fxsr, mmx, sse, sse2, sse3, ssse3, sse4.1, sse4.2, popcnt, avx, aes, ht, tsc, tscinvbit

Memory: 4k page, physical 16758968k(9748548k free), swap 33516072k(25575572k free)

vm_info: Java HotSpot(TM) Client VM (24.65-b04) for windows-x86 JRE (1.7.0_67-b01), built on Jul 25 2014 10:20:53 by "java_re" with unknown MS VC++:1600

time: Mon Feb 01 21:26:50 2016
elapsed time: 0 seconds

